<?xml version="1.0" encoding="UTF-8"?>
<!-- Generated by org.testng.reporters.JUnitReportReporter -->
<testsuite skipped="0" hostname="LAPTOP-F9VFEF6F" name="BankTests.BankBazzarTest" tests="1" failures="0" timestamp="09 Sep 2018 05:50:14 GMT" time="33.624" errors="0">
  <testcase name="BBinvestmentsschemes" time="33.624" classname="BankTests.BankBazzarTest"/>
</testsuite> <!-- BankTests.BankBazzarTest -->
